<?xml version="1.0" encoding="UTF-8"?>
<testsuites>
  <testsuite name="fastlane.lanes">
    
    
    
      
      <testcase classname="fastlane.lanes" name="0: default_platform" time="0.0011153">
        
      </testcase>
    
      
      <testcase classname="fastlane.lanes" name="1: clean assembleRelease" time="22.1945182">
        
          <failure message="C:/Ruby30-x64/lib/ruby/gems/3.0.0/gems/fastlane-2.199.0/fastlane/lib/fastlane/actions/actions_helper.rb:67:in `execute_action&apos;&#10;C:/Ruby30-x64/lib/ruby/gems/3.0.0/gems/fastlane-2.199.0/fastlane/lib/fastlane/runner.rb:255:in `block in execute_action&apos;&#10;C:/Ruby30-x64/lib/ruby/gems/3.0.0/gems/fastlane-2.199.0/fastlane/lib/fastlane/runner.rb:229:in `chdir&apos;&#10;C:/Ruby30-x64/lib/ruby/gems/3.0.0/gems/fastlane-2.199.0/fastlane/lib/fastlane/runner.rb:229:in `execute_action&apos;&#10;C:/Ruby30-x64/lib/ruby/gems/3.0.0/gems/fastlane-2.199.0/fastlane/lib/fastlane/runner.rb:157:in `trigger_action_by_name&apos;&#10;C:/Ruby30-x64/lib/ruby/gems/3.0.0/gems/fastlane-2.199.0/fastlane/lib/fastlane/fast_file.rb:159:in `method_missing&apos;&#10;Fastfile:52:in `block (2 levels) in parsing_binding&apos;&#10;C:/Ruby30-x64/lib/ruby/gems/3.0.0/gems/fastlane-2.199.0/fastlane/lib/fastlane/lane.rb:33:in `call&apos;&#10;C:/Ruby30-x64/lib/ruby/gems/3.0.0/gems/fastlane-2.199.0/fastlane/lib/fastlane/runner.rb:49:in `block in execute&apos;&#10;C:/Ruby30-x64/lib/ruby/gems/3.0.0/gems/fastlane-2.199.0/fastlane/lib/fastlane/runner.rb:45:in `chdir&apos;&#10;C:/Ruby30-x64/lib/ruby/gems/3.0.0/gems/fastlane-2.199.0/fastlane/lib/fastlane/runner.rb:45:in `execute&apos;&#10;C:/Ruby30-x64/lib/ruby/gems/3.0.0/gems/fastlane-2.199.0/fastlane/lib/fastlane/lane_manager.rb:47:in `cruise_lane&apos;&#10;C:/Ruby30-x64/lib/ruby/gems/3.0.0/gems/fastlane-2.199.0/fastlane/lib/fastlane/command_line_handler.rb:36:in `handle&apos;&#10;C:/Ruby30-x64/lib/ruby/gems/3.0.0/gems/fastlane-2.199.0/fastlane/lib/fastlane/commands_generator.rb:109:in `block (2 levels) in run&apos;&#10;C:/Ruby30-x64/lib/ruby/gems/3.0.0/gems/commander-4.6.0/lib/commander/command.rb:187:in `call&apos;&#10;C:/Ruby30-x64/lib/ruby/gems/3.0.0/gems/commander-4.6.0/lib/commander/command.rb:157:in `run&apos;&#10;C:/Ruby30-x64/lib/ruby/gems/3.0.0/gems/commander-4.6.0/lib/commander/runner.rb:444:in `run_active_command&apos;&#10;C:/Ruby30-x64/lib/ruby/gems/3.0.0/gems/fastlane-2.199.0/fastlane_core/lib/fastlane_core/ui/fastlane_runner.rb:117:in `run!&apos;&#10;C:/Ruby30-x64/lib/ruby/gems/3.0.0/gems/commander-4.6.0/lib/commander/delegates.rb:18:in `run!&apos;&#10;C:/Ruby30-x64/lib/ruby/gems/3.0.0/gems/fastlane-2.199.0/fastlane/lib/fastlane/commands_generator.rb:353:in `run&apos;&#10;C:/Ruby30-x64/lib/ruby/gems/3.0.0/gems/fastlane-2.199.0/fastlane/lib/fastlane/commands_generator.rb:42:in `start&apos;&#10;C:/Ruby30-x64/lib/ruby/gems/3.0.0/gems/fastlane-2.199.0/fastlane/lib/fastlane/cli_tools_distributor.rb:122:in `take_off&apos;&#10;C:/Ruby30-x64/lib/ruby/gems/3.0.0/gems/fastlane-2.199.0/bin/fastlane:23:in `&lt;top (required)&gt;&apos;&#10;C:/Ruby30-x64/bin/fastlane:23:in `load&apos;&#10;C:/Ruby30-x64/bin/fastlane:23:in `&lt;main&gt;&apos;&#10;&#10;Exit status of command &apos;&quot;C:/Users/bland/AndroidStudioProjects/zSample Github Projects/Project-Rasta-Android/gradlew&quot; clean assembleRelease -p .&apos; was 1 instead of 0.&#10;Starting a Gradle Daemon, 1 incompatible Daemon could not be reused, use --status for details&#10;&#10;&gt; Configure project :app&#10;ComposeOptions.kotlinCompilerVersion is deprecated. Compose now uses the kotlin compiler defined in your buildscript.&#10;WARNING:API &apos;BaseVariant.getApplicationIdTextResource&apos; is obsolete and has been replaced with &apos;VariantProperties.applicationId&apos;.&#10;It will be removed in version 7.0 of the Android Gradle plugin.&#10;For more information, see TBD.&#10;To determine what is calling BaseVariant.getApplicationIdTextResource, use -Pandroid.debug.obsoleteApi=true on the command line to display more information.&#10;&#10;&gt; Task :clean&#10;&gt; Task :app:clean&#10;&gt; Task :app:preBuild UP-TO-DATE&#10;&gt; Task :app:preReleaseBuild UP-TO-DATE&#10;&gt; Task :app:compileReleaseAidl NO-SOURCE&#10;&gt; Task :app:compileReleaseRenderscript NO-SOURCE&#10;&gt; Task :app:dataBindingMergeDependencyArtifactsRelease&#10;&gt; Task :app:dataBindingMergeGenClassesRelease&#10;&gt; Task :app:generateReleaseResValues&#10;&gt; Task :app:generateReleaseResources&#10;&gt; Task :app:processReleaseGoogleServices&#10;&gt; Task :app:generateReleaseBuildConfig&#10;&gt; Task :app:writeReleaseApplicationId&#10;&gt; Task :app:generateSafeArgsRelease&#10;&gt; Task :app:createReleaseCompatibleScreenManifests&#10;&gt; Task :app:checkReleaseAarMetadata&#10;&gt; Task :app:extractDeepLinksRelease&#10;&gt; Task :app:mergeReleaseResources FAILED&#10;&gt; Task :app:processReleaseMainManifest&#10;&#10;FAILURE: Build failed with an exception.&#10;&#10;* What went wrong:&#10;Execution failed for task &apos;:app:mergeReleaseResources&apos;.&#10;&gt; Multiple task action failures occurred:&#10;   &gt; A failure occurred while executing com.android.build.gradle.internal.res.Aapt2CompileRunnable&#10;      &gt; Android resource compilation failed&#10;        ERROR:AAPT: C:\Users\bland\AndroidStudioProjects\zSample Github Projects\Project-Rasta-Android\app\src\main\res\mipmap-mdpi\ic_launcher_foreground_main.png: error: failed to read PNG signature: file does not start with PNG signature.&#10;        C:\Users\bland\AndroidStudioProjects\zSample Github Projects\Project-Rasta-Android\app\src\main\res\mipmap-mdpi\ic_launcher_foreground_main.png: error: file failed to compile.&#10;        &#10;            &#10;   &gt; A failure occurred while executing com.android.build.gradle.internal.res.Aapt2CompileRunnable&#10;      &gt; Android resource compilation failed&#10;        ERROR:AAPT: C:\Users\bland\AndroidStudioProjects\zSample Github Projects\Project-Rasta-Android\app\src\main\res\mipmap-xxxhdpi\ic_launcher_foreground_main.png: error: failed to read PNG signature: file does not start with PNG signature.&#10;        C:\Users\bland\AndroidStudioProjects\zSample Github Projects\Project-Rasta-Android\app\src\main\res\mipmap-xxxhdpi\ic_launcher_foreground_main.png: error: file failed to compile.&#10;        &#10;            &#10;   &gt; A failure occurred while executing com.android.build.gradle.internal.res.Aapt2CompileRunnable&#10;      &gt; Android resource compilation failed&#10;        ERROR:AAPT: C:\Users\bland\AndroidStudioProjects\zSample Github Projects\Project-Rasta-Android\app\src\main\res\mipmap-xxhdpi\ic_launcher_foreground_main.png: error: failed to read PNG signature: file does not start with PNG signature.&#10;        C:\Users\bland\AndroidStudioProjects\zSample Github Projects\Project-Rasta-Android\app\src\main\res\mipmap-xxhdpi\ic_launcher_foreground_main.png: error: file failed to compile.&#10;        &#10;            &#10;   &gt; A failure occurred while executing com.android.build.gradle.internal.res.Aapt2CompileRunnable&#10;      &gt; Android resource compilation failed&#10;        ERROR:AAPT: C:\Users\bland\AndroidStudioProjects\zSample Github Projects\Project-Rasta-Android\app\src\main\res\mipmap-xhdpi\ic_launcher_foreground_main.png: error: failed to read PNG signature: file does not start with PNG signature.&#10;        C:\Users\bland\AndroidStudioProjects\zSample Github Projects\Project-Rasta-Android\app\src\main\res\mipmap-xhdpi\ic_launcher_foreground_main.png: error: file failed to compile.&#10;        &#10;            &#10;   &gt; A failure occurred while executing com.android.build.gradle.internal.res.Aapt2CompileRunnable&#10;      &gt; Android resource compilation failed&#10;        ERROR:AAPT: C:\Users\bland\AndroidStudioProjects\zSample Github Projects\Project-Rasta-Android\app\src\main\res\mipmap-hdpi\ic_launcher_foreground_main.png: error: failed to read PNG signature: file does not start with PNG signature.&#10;        C:\Users\bland\AndroidStudioProjects\zSample Github Projects\Project-Rasta-Android\app\src\main\res\mipmap-hdpi\ic_launcher_foreground_main.png: error: file failed to compile.&#10;        &#10;            &#10;&#10;* Try:&#10;Run with --stacktrace option to get the stack trace. Run with --info or --debug option to get more log output. Run with --scan to get full insights.&#10;&#10;* Get more help at https://help.gradle.org&#10;&#10;Deprecated Gradle features were used in this build, making it incompatible with Gradle 8.0.&#10;Use &apos;--warning-mode all&apos; to show the individual deprecation warnings.&#10;See https://docs.gradle.org/7.0.2/userguide/command_line_interface.html#sec:command_line_warnings&#10;&#10;BUILD FAILED in 21s&#10;14 actionable tasks: 14 executed&#10;" />
        
      </testcase>
    
  </testsuite>
</testsuites>
